{"timestamp": "2025-06-19T08:51:14.578943", "level": "WARNING", "logger": "security", "message": "Security event: suspicious_path_access", "module": "logger", "function": "log_security_event", "line": 240, "device_id": null}
{"timestamp": "2025-06-19T08:51:33.296105", "level": "WARNING", "logger": "security", "message": "Security event: suspicious_path_access", "module": "logger", "function": "log_security_event", "line": 240, "device_id": null}
{"timestamp": "2025-06-19T08:51:35.065005", "level": "WARNING", "logger": "security", "message": "Security event: middleware_error", "module": "logger", "function": "log_security_event", "line": 240, "device_id": null}
{"timestamp": "2025-06-19T08:51:35.077402", "level": "WARNING", "logger": "security", "message": "Security event: middleware_error", "module": "logger", "function": "log_security_event", "line": 240, "device_id": null}
{"timestamp": "2025-06-19T08:51:35.090947", "level": "WARNING", "logger": "security", "message": "Security event: middleware_error", "module": "logger", "function": "log_security_event", "line": 240, "device_id": null}
{"timestamp": "2025-06-19T08:51:35.103490", "level": "WARNING", "logger": "security", "message": "Security event: middleware_error", "module": "logger", "function": "log_security_event", "line": 240, "device_id": null}
{"timestamp": "2025-06-19T08:51:35.109009", "level": "WARNING", "logger": "security", "message": "Security event: suspicious_path_access", "module": "logger", "function": "log_security_event", "line": 240, "device_id": null}
{"timestamp": "2025-06-19T08:51:35.116522", "level": "WARNING", "logger": "security", "message": "Security event: suspicious_path_access", "module": "logger", "function": "log_security_event", "line": 240, "device_id": null}
{"timestamp": "2025-06-19T08:51:35.153283", "level": "WARNING", "logger": "security", "message": "Security event: suspicious_path_access", "module": "logger", "function": "log_security_event", "line": 240, "device_id": null}
{"timestamp": "2025-06-19T08:51:35.163848", "level": "WARNING", "logger": "security", "message": "Security event: ip_blocked", "module": "logger", "function": "log_security_event", "line": 240, "device_id": null}
{"timestamp": "2025-06-19T08:51:35.178933", "level": "WARNING", "logger": "security", "message": "Security event: blocked_ip_access", "module": "logger", "function": "log_security_event", "line": 240, "device_id": null}
{"timestamp": "2025-06-19T08:51:35.183934", "level": "WARNING", "logger": "security", "message": "Security event: blocked_ip_access", "module": "logger", "function": "log_security_event", "line": 240, "device_id": null}
{"timestamp": "2025-06-19T08:51:35.199561", "level": "WARNING", "logger": "security", "message": "Security event: blocked_ip_access", "module": "logger", "function": "log_security_event", "line": 240, "device_id": null}
{"timestamp": "2025-06-19T08:51:35.204552", "level": "WARNING", "logger": "security", "message": "Security event: blocked_ip_access", "module": "logger", "function": "log_security_event", "line": 240, "device_id": null}
{"timestamp": "2025-06-19T08:51:35.209092", "level": "WARNING", "logger": "security", "message": "Security event: blocked_ip_access", "module": "logger", "function": "log_security_event", "line": 240, "device_id": null}
{"timestamp": "2025-06-19T08:51:35.215090", "level": "WARNING", "logger": "security", "message": "Security event: blocked_ip_access", "module": "logger", "function": "log_security_event", "line": 240, "device_id": null}
{"timestamp": "2025-06-19T08:51:35.219626", "level": "WARNING", "logger": "security", "message": "Security event: blocked_ip_access", "module": "logger", "function": "log_security_event", "line": 240, "device_id": null}
{"timestamp": "2025-06-19T08:51:35.224155", "level": "WARNING", "logger": "security", "message": "Security event: blocked_ip_access", "module": "logger", "function": "log_security_event", "line": 240, "device_id": null}
{"timestamp": "2025-06-19T08:51:35.229698", "level": "WARNING", "logger": "security", "message": "Security event: blocked_ip_access", "module": "logger", "function": "log_security_event", "line": 240, "device_id": null}
{"timestamp": "2025-06-19T08:51:35.234697", "level": "WARNING", "logger": "security", "message": "Security event: blocked_ip_access", "module": "logger", "function": "log_security_event", "line": 240, "device_id": null}
{"timestamp": "2025-06-19T08:51:35.239419", "level": "WARNING", "logger": "security", "message": "Security event: blocked_ip_access", "module": "logger", "function": "log_security_event", "line": 240, "device_id": null}
{"timestamp": "2025-06-19T08:51:35.244431", "level": "WARNING", "logger": "security", "message": "Security event: blocked_ip_access", "module": "logger", "function": "log_security_event", "line": 240, "device_id": null}
{"timestamp": "2025-06-19T08:51:35.250967", "level": "WARNING", "logger": "security", "message": "Security event: blocked_ip_access", "module": "logger", "function": "log_security_event", "line": 240, "device_id": null}
{"timestamp": "2025-06-19T08:51:35.254966", "level": "WARNING", "logger": "security", "message": "Security event: blocked_ip_access", "module": "logger", "function": "log_security_event", "line": 240, "device_id": null}
{"timestamp": "2025-06-19T08:51:35.260366", "level": "WARNING", "logger": "security", "message": "Security event: blocked_ip_access", "module": "logger", "function": "log_security_event", "line": 240, "device_id": null}
{"timestamp": "2025-06-19T08:51:35.265875", "level": "WARNING", "logger": "security", "message": "Security event: blocked_ip_access", "module": "logger", "function": "log_security_event", "line": 240, "device_id": null}
{"timestamp": "2025-06-19T08:51:35.270887", "level": "WARNING", "logger": "security", "message": "Security event: blocked_ip_access", "module": "logger", "function": "log_security_event", "line": 240, "device_id": null}
{"timestamp": "2025-06-19T08:51:35.276405", "level": "WARNING", "logger": "security", "message": "Security event: blocked_ip_access", "module": "logger", "function": "log_security_event", "line": 240, "device_id": null}
{"timestamp": "2025-06-19T08:51:35.281435", "level": "WARNING", "logger": "security", "message": "Security event: blocked_ip_access", "module": "logger", "function": "log_security_event", "line": 240, "device_id": null}
{"timestamp": "2025-06-19T08:51:35.285945", "level": "WARNING", "logger": "security", "message": "Security event: blocked_ip_access", "module": "logger", "function": "log_security_event", "line": 240, "device_id": null}
{"timestamp": "2025-06-19T08:51:35.290473", "level": "WARNING", "logger": "security", "message": "Security event: blocked_ip_access", "module": "logger", "function": "log_security_event", "line": 240, "device_id": null}
{"timestamp": "2025-06-19T08:51:35.294479", "level": "WARNING", "logger": "security", "message": "Security event: blocked_ip_access", "module": "logger", "function": "log_security_event", "line": 240, "device_id": null}
{"timestamp": "2025-06-19T08:51:35.300003", "level": "WARNING", "logger": "security", "message": "Security event: blocked_ip_access", "module": "logger", "function": "log_security_event", "line": 240, "device_id": null}
{"timestamp": "2025-06-19T08:57:42.788408", "level": "WARNING", "logger": "security", "message": "Security event: blocked_ip_access", "module": "logger", "function": "log_security_event", "line": 240, "device_id": null}
{"timestamp": "2025-06-19T08:58:23.320264", "level": "WARNING", "logger": "security", "message": "Security event: middleware_error", "module": "logger", "function": "log_security_event", "line": 240, "device_id": null}
{"timestamp": "2025-06-19T08:59:43.574285", "level": "WARNING", "logger": "security", "message": "Security event: middleware_error", "module": "logger", "function": "log_security_event", "line": 240, "device_id": null}
{"timestamp": "2025-06-19T09:03:15.106031", "level": "WARNING", "logger": "security", "message": "Security event: suspicious_path_access", "module": "logger", "function": "log_security_event", "line": 240, "device_id": null}
{"timestamp": "2025-06-19T09:05:19.132388", "level": "WARNING", "logger": "security", "message": "Security event: suspicious_path_access", "module": "logger", "function": "log_security_event", "line": 240, "device_id": null}
{"timestamp": "2025-06-19T10:15:55.943133", "level": "WARNING", "logger": "security", "message": "Security event: suspicious_path_access", "module": "logger", "function": "log_security_event", "line": 240, "device_id": null}
{"timestamp": "2025-06-19T10:23:00.506015", "level": "WARNING", "logger": "security", "message": "Security event: suspicious_path_access", "module": "logger", "function": "log_security_event", "line": 240, "device_id": null}
{"timestamp": "2025-06-19T10:35:42.503367", "level": "WARNING", "logger": "security", "message": "Security event: invalid_device_id", "module": "logger", "function": "log_security_event", "line": 240, "device_id": "INVALID123"}
